[17-09-2024 09:47:51] ERROR : value too long for type character varying(20)
  QUERY :  CALL "SE".SPI_INSERT_DATA('[{"strPlantCode":"5","strItemId":2,"strMovementType":"IN","strSerialNo":"Mose12313ldsldfkdsf;l","strAdminId":"POND","strID":""}]','')  
 -------------------------------------------------------------- 
[17-09-2024 09:49:07] ERROR : value too long for type character varying(20)
  QUERY :  CALL "SE".SPI_INSERT_DATA('[{"strPlantCode":"5","strItemId":2,"strMovementType":"IN","strSerialNo":"Mose12313ldsldfkdsf;l","strAdminId":"POND","strID":""}]','')  
 -------------------------------------------------------------- 
[17-09-2024 09:55:06] ERROR : Item_wrong
  QUERY :  CALL "SE".SPI_INSERT_DATA('[{"strPlantCode":"5","strItemId":21,"strMovementType":"OUT","strSerialNo":"1231edasdaerewaczcx","strAdminId":"POND","strID":"POND2"}]','')  
 -------------------------------------------------------------- 
[17-09-2024 10:04:44] ERROR : syntax error at or near "5"
  QUERY :  SELECT * FROM "SE".spi_getdata('{"strType":"DDL","strPlantCode":"'5'"}');  
 -------------------------------------------------------------- 
[17-09-2024 15:33:08] ERROR : json_data is not defined
  QUERY :  
 -------------------------------------------------------------- 
[17-09-2024 16:04:09] ERROR : Already Out
  QUERY :  CALL "SE".SPI_INSERT_DATA('[{"strPlantCode":"5","strItemId":2,"strMovementType":"OUT","strSerialNo":"21333","strAdminId":"POND","strID":"POND2"}]','')  
 -------------------------------------------------------------- 
[17-09-2024 16:12:09] ERROR : Already Out
  QUERY :  CALL "SE".SPI_INSERT_DATA('[{"strPlantCode":"5","strItemId":5,"strMovementType":"OUT","strSerialNo":"233","strAdminId":"POND","strID":"POND2"}]','')  
 -------------------------------------------------------------- 
[17-09-2024 16:13:24] ERROR : Already Out
  QUERY :  CALL "SE".SPI_INSERT_DATA('[{"strPlantCode":"5","strItemId":2,"strMovementType":"OUT","strSerialNo":"MOU0000000006","strAdminId":"POND","strID":null}]','')  
 -------------------------------------------------------------- 
[17-09-2024 16:13:52] ERROR : Already Out
  QUERY :  CALL "SE".SPI_INSERT_DATA('[{"strPlantCode":"5","strItemId":1,"strMovementType":"OUT","strSerialNo":"test1","strAdminId":"POND","strID":"POND2"}]','')  
 -------------------------------------------------------------- 
[17-09-2024 16:14:25] ERROR : Already Out
  QUERY :  CALL "SE".SPI_INSERT_DATA('[{"strPlantCode":"5","strItemId":2,"strMovementType":"OUT","strSerialNo":"MOU0000000006","strAdminId":"POND","strID":null}]','')  
 -------------------------------------------------------------- 
[17-09-2024 16:14:28] ERROR : Already Out
  QUERY :  CALL "SE".SPI_INSERT_DATA('[{"strPlantCode":"5","strItemId":2,"strMovementType":"OUT","strSerialNo":"MOU0000000006","strAdminId":"POND","strID":null}]','')  
 -------------------------------------------------------------- 
[17-09-2024 16:15:56] ERROR : value too long for type character varying(50)
  QUERY :  CALL "SE".SPI_INSERT_DATA('[{"strPlantCode":"5","strItemId":2,"strMovementType":"OUT","strSerialNo":"gggggg54332","strAdminId":"POND","strID":{"label":"R180 : System Engineering - A1","value":"System Engineering - A1"}}]','')  
 -------------------------------------------------------------- 
[17-09-2024 16:16:12] ERROR : value too long for type character varying(50)
  QUERY :  CALL "SE".SPI_INSERT_DATA('[{"strPlantCode":"5","strItemId":2,"strMovementType":"OUT","strSerialNo":"gggggg54332","strAdminId":"POND","strID":{"label":"R180 : System Engineering - A1","value":"System Engineering - A1"}}]','')  
 -------------------------------------------------------------- 
[17-09-2024 16:18:48] ERROR : Already Out
  QUERY :  CALL "SE".SPI_INSERT_DATA('[{"strPlantCode":"5","strItemId":2,"strMovementType":"OUT","strSerialNo":"MOU0000000006","strAdminId":"POND"}]','')  
 -------------------------------------------------------------- 
