[20-08-2024 08:13:40] ERROR : structure of query does not match function result type
  QUERY :  SELECT * FROM "SE".spi_getdata('{"strType":"SERIAL","strPlantCode":"5","strItem":"MOU","strItemId":"2"}');  
 -------------------------------------------------------------- 
[20-08-2024 08:14:23] ERROR : structure of query does not match function result type
  QUERY :  SELECT * FROM "SE".spi_getdata('{"strType":"SERIAL","strPlantCode":"5","strItem":"MOU","strItemId":"2"}');  
 -------------------------------------------------------------- 
[20-08-2024 08:21:16] ERROR : structure of query does not match function result type
  QUERY :  SELECT * FROM "SE".spi_getdata('{"strType":"SERIAL","strPlantCode":"5","strItem":"MOU","strItemId":"2"}');  
 -------------------------------------------------------------- 
[20-08-2024 08:21:25] ERROR : structure of query does not match function result type
  QUERY :  SELECT * FROM "SE".spi_getdata('{"strType":"SERIAL","strPlantCode":"5","strItem":"MOU","strItemId":"2"}');  
 -------------------------------------------------------------- 
[20-08-2024 08:36:06] ERROR : Cannot read properties of undefined (reading 'has')
  QUERY :  SELECT * FROM "SE".spi_getdata('{"strType":"SERIAL","strPlantCode":"5","strItem":"MOU","strItemId":"2"}');  
 -------------------------------------------------------------- 
[20-08-2024 08:36:14] ERROR : existingSerialNumbers.has is not a function
  QUERY :  SELECT * FROM "SE".spi_getdata('{"strType":"SERIAL","strPlantCode":"5","strItem":"MOU","strItemId":"2"}');  
 -------------------------------------------------------------- 
[20-08-2024 08:36:30] ERROR : existingSerialNumbers.has is not a function
  QUERY :  SELECT * FROM "SE".spi_getdata('{"strType":"SERIAL","strPlantCode":"5","strItem":"MOU","strItemId":"2"}');  
 -------------------------------------------------------------- 
[20-08-2024 08:45:47] ERROR : startingSerial.slice is not a function
  QUERY :  SELECT * FROM "SE".spi_getdata('{"strType":"SERIAL","strPlantCode":"5","strItem":"MOU","strItemId":"2"}');  
 -------------------------------------------------------------- 
[20-08-2024 08:46:04] ERROR : startingSerial.slice is not a function
  QUERY :  SELECT * FROM "SE".spi_getdata('{"strType":"SERIAL","strPlantCode":"5","strItem":"MOU","strItemId":"2"}');  
 -------------------------------------------------------------- 
[20-08-2024 08:46:45] ERROR : startingSerial.slice is not a function
  QUERY :  SELECT * FROM "SE".spi_getdata('{"strType":"SERIAL","strPlantCode":"5","strItem":"MOU","strItemId":"2"}');  
 -------------------------------------------------------------- 
[20-08-2024 08:47:38] ERROR : Cannot read properties of undefined (reading 'length')
  QUERY :  SELECT * FROM "SE".spi_getdata('{"strType":"SERIAL","strPlantCode":"5","strItem":"MOU","strItemId":"2"}');  
 -------------------------------------------------------------- 
[20-08-2024 08:51:36] ERROR : Cannot read properties of null (reading 'slice')
  QUERY :  SELECT * FROM "SE".spi_getdata('{"strType":"DDL","strPlantCode":"5","strItem":"M","strItemId":"2"}');  
 -------------------------------------------------------------- 
[20-08-2024 08:51:48] ERROR : Cannot read properties of null (reading 'slice')
  QUERY :  SELECT * FROM "SE".spi_getdata('{"strType":"DDL","strPlantCode":"5","strItem":"MOU","strItemId":"2"}');  
 -------------------------------------------------------------- 
[20-08-2024 08:52:32] ERROR : Cannot read properties of null (reading 'slice')
  QUERY :  SELECT * FROM "SE".spi_getdata('{"strType":"DDL","strPlantCode":"5","strItem":"MOU","strItemId":"2"}');  
 -------------------------------------------------------------- 
[20-08-2024 08:53:08] ERROR : Cannot read properties of null (reading 'slice')
  QUERY :  SELECT * FROM "SE".spi_getdata('{"strType":"DDL","strPlantCode":"5","strItem":"MOU","strItemId":"2"}');  
 -------------------------------------------------------------- 
[20-08-2024 08:56:30] ERROR : Cannot read properties of null (reading 'slice')
  QUERY :  SELECT * FROM "SE".spi_getdata('{"strType":"SERIAL","strPlantCode":"5","strItem":"M","strItemId":"3"}');  
 -------------------------------------------------------------- 
[20-08-2024 08:56:54] ERROR : Cannot read properties of null (reading 'slice')
  QUERY :  SELECT * FROM "SE".spi_getdata('{"strType":"SERIAL","strPlantCode":"5","strItem":"M","strItemId":"3"}');  
 -------------------------------------------------------------- 
[20-08-2024 08:57:07] ERROR : Cannot read properties of null (reading 'slice')
  QUERY :  SELECT * FROM "SE".spi_getdata('{"strType":"SERIAL","strPlantCode":"5","strItem":"M","strItemId":"3"}');  
 -------------------------------------------------------------- 
[20-08-2024 08:57:19] ERROR : Cannot read properties of null (reading 'slice')
  QUERY :  SELECT * FROM "SE".spi_getdata('{"strType":"SERIAL","strPlantCode":"5","strItem":"M","strItemId":"3"}');  
 -------------------------------------------------------------- 
[20-08-2024 08:57:39] ERROR : Cannot read properties of null (reading 'slice')
  QUERY :  SELECT * FROM "SE".spi_getdata('{"strType":"SERIAL","strPlantCode":"5","strItem":"M","strItemId":"3"}');  
 -------------------------------------------------------------- 
[20-08-2024 08:58:12] ERROR : Cannot read properties of null (reading 'slice')
  QUERY :  SELECT * FROM "SE".spi_getdata('{"strType":"SERIAL","strPlantCode":"5","strItem":"M","strItemId":"3"}');  
 -------------------------------------------------------------- 
[20-08-2024 08:58:31] ERROR : Cannot read properties of null (reading 'slice')
  QUERY :  SELECT * FROM "SE".spi_getdata('{"strType":"SERIAL","strPlantCode":"5","strItem":"M","strItemId":"3"}');  
 -------------------------------------------------------------- 
[20-08-2024 08:59:14] ERROR : Cannot read properties of null (reading 'slice')
  QUERY :  SELECT * FROM "SE".spi_getdata('{"strType":"SERIAL","strPlantCode":"5","strItem":"M","strItemId":"3"}');  
 -------------------------------------------------------------- 
[20-08-2024 09:00:11] ERROR : Cannot read properties of null (reading 'slice')
  QUERY :  SELECT * FROM "SE".spi_getdata('{"strType":"SERIAL","strPlantCode":"5","strItem":"M","strItemId":"3"}');  
 -------------------------------------------------------------- 
[20-08-2024 09:00:30] ERROR : Cannot read properties of null (reading 'slice')
  QUERY :  SELECT * FROM "SE".spi_getdata('{"strType":"SERIAL","strPlantCode":"5","strItem":"M","strItemId":"3"}');  
 -------------------------------------------------------------- 
[20-08-2024 11:27:00] ERROR : duplicate key value violates unique constraint "spi_product_action_serial_number_key"
  QUERY :  CALL "SE".SPI_INSERT_DATA('[{"strPlantCode":"5","strItemId":2,"strMovementType":"IN","strSerialNo":"MOU0000000005","strAdminId":"POND","strID":""}]','')  
 -------------------------------------------------------------- 
[20-08-2024 11:28:03] ERROR : duplicate key value violates unique constraint "spi_product_action_serial_number_key"
  QUERY :  CALL "SE".SPI_INSERT_DATA('[{"strPlantCode":"5","strItemId":2,"strMovementType":"IN","strSerialNo":"MOU0000000005","strAdminId":"POND","strID":""}]','')  
 -------------------------------------------------------------- 
[20-08-2024 11:28:24] ERROR : duplicate key value violates unique constraint "spi_product_action_serial_number_key"
  QUERY :  CALL "SE".SPI_INSERT_DATA('[{"strPlantCode":"5","strItemId":2,"strMovementType":"IN","strSerialNo":"MOU0000000005","strAdminId":"POND","strID":""}]','')  
 -------------------------------------------------------------- 
[20-08-2024 11:30:56] ERROR : duplicate key value violates unique constraint "spi_product_action_serial_number_key"
  QUERY :  CALL "SE".SPI_INSERT_DATA('[{"strPlantCode":"5","strItemId":2,"strMovementType":"IN","strSerialNo":"MOU0000000005","strAdminId":"POND","strID":""}]','')  
 -------------------------------------------------------------- 
[20-08-2024 11:31:25] ERROR : duplicate key value violates unique constraint "spi_product_action_serial_number_key"
  QUERY :  CALL "SE".SPI_INSERT_DATA('[{"strPlantCode":"5","strItemId":2,"strMovementType":"IN","strSerialNo":"MOU0000000005","strAdminId":"POND","strID":""}]','')  
 -------------------------------------------------------------- 
[20-08-2024 11:31:46] ERROR : duplicate key value violates unique constraint "spi_product_action_serial_number_key"
  QUERY :  CALL "SE".SPI_INSERT_DATA('[{"strPlantCode":"5","strItemId":2,"strMovementType":"IN","strSerialNo":"MOU0000000005","strAdminId":"POND","strID":""}]','')  
 -------------------------------------------------------------- 
[20-08-2024 11:32:19] ERROR : duplicate key value violates unique constraint "spi_product_action_serial_number_key"
  QUERY :  CALL "SE".SPI_INSERT_DATA('[{"strPlantCode":"5","strItemId":2,"strMovementType":"IN","strSerialNo":"MOU0000000005","strAdminId":"POND","strID":""}]','')  
 -------------------------------------------------------------- 
[20-08-2024 11:32:28] ERROR : duplicate key value violates unique constraint "spi_product_action_serial_number_key"
  QUERY :  CALL "SE".SPI_INSERT_DATA('[{"strPlantCode":"5","strItemId":2,"strMovementType":"IN","strSerialNo":"MOU0000000005","strAdminId":"POND","strID":""}]','')  
 -------------------------------------------------------------- 
[20-08-2024 11:32:40] ERROR : duplicate key value violates unique constraint "spi_product_action_serial_number_key"
  QUERY :  CALL "SE".SPI_INSERT_DATA('[{"strPlantCode":"5","strItemId":2,"strMovementType":"IN","strSerialNo":"MOU0000000005","strAdminId":"POND","strID":""}]','')  
 -------------------------------------------------------------- 
[20-08-2024 11:32:59] ERROR : duplicate key value violates unique constraint "spi_product_action_serial_number_key"
  QUERY :  CALL "SE".SPI_INSERT_DATA('[{"strPlantCode":"5","strItemId":2,"strMovementType":"IN","strSerialNo":"MOU0000000005","strAdminId":"POND","strID":""}]','')  
 -------------------------------------------------------------- 
[20-08-2024 11:33:02] ERROR : duplicate key value violates unique constraint "spi_product_action_serial_number_key"
  QUERY :  CALL "SE".SPI_INSERT_DATA('[{"strPlantCode":"5","strItemId":2,"strMovementType":"IN","strSerialNo":"MOU0000000005","strAdminId":"POND","strID":""}]','')  
 -------------------------------------------------------------- 
[20-08-2024 11:33:22] ERROR : duplicate key value violates unique constraint "spi_product_action_serial_number_key"
  QUERY :  CALL "SE".SPI_INSERT_DATA('[{"strPlantCode":"5","strItemId":2,"strMovementType":"IN","strSerialNo":"MOU0000000005","strAdminId":"POND","strID":""}]','')  
 -------------------------------------------------------------- 
[20-08-2024 11:34:09] ERROR : duplicate key value violates unique constraint "spi_product_action_serial_number_key"
  QUERY :  CALL "SE".SPI_INSERT_DATA('[{"strPlantCode":"5","strItemId":2,"strMovementType":"IN","strSerialNo":"MOU0000000005","strAdminId":"POND","strID":""}]','')  
 -------------------------------------------------------------- 
[20-08-2024 11:34:12] ERROR : duplicate key value violates unique constraint "spi_product_action_serial_number_key"
  QUERY :  CALL "SE".SPI_INSERT_DATA('[{"strPlantCode":"5","strItemId":2,"strMovementType":"IN","strSerialNo":"MOU0000000005","strAdminId":"POND","strID":""}]','')  
 -------------------------------------------------------------- 
[20-08-2024 11:34:45] ERROR : duplicate key value violates unique constraint "spi_product_action_serial_number_key"
  QUERY :  CALL "SE".SPI_INSERT_DATA('[{"strPlantCode":"5","strItemId":2,"strMovementType":"IN","strSerialNo":"MOU0000000005","strAdminId":"POND","strID":""}]','')  
 -------------------------------------------------------------- 
[20-08-2024 11:34:50] ERROR : duplicate key value violates unique constraint "spi_product_action_serial_number_key"
  QUERY :  CALL "SE".SPI_INSERT_DATA('[{"strPlantCode":"5","strItemId":2,"strMovementType":"IN","strSerialNo":"MOU0000000005","strAdminId":"POND","strID":""}]','')  
 -------------------------------------------------------------- 
[20-08-2024 11:35:08] ERROR : duplicate key value violates unique constraint "spi_product_action_serial_number_key"
  QUERY :  CALL "SE".SPI_INSERT_DATA('[{"strPlantCode":"5","strItemId":2,"strMovementType":"IN","strSerialNo":"MOU0000000005","strAdminId":"POND","strID":""}]','')  
 -------------------------------------------------------------- 
[20-08-2024 11:35:08] ERROR : duplicate key value violates unique constraint "spi_product_action_serial_number_key"
  QUERY :  CALL "SE".SPI_INSERT_DATA('[{"strPlantCode":"5","strItemId":2,"strMovementType":"IN","strSerialNo":"MOU0000000005","strAdminId":"POND","strID":""}]','')  
 -------------------------------------------------------------- 
[20-08-2024 11:35:25] ERROR : duplicate key value violates unique constraint "spi_product_action_serial_number_key"
  QUERY :  CALL "SE".SPI_INSERT_DATA('[{"strPlantCode":"5","strItemId":2,"strMovementType":"IN","strSerialNo":"MOU0000000005","strAdminId":"POND","strID":""}]','')  
 -------------------------------------------------------------- 
[20-08-2024 11:39:58] ERROR : duplicate key value violates unique constraint "spi_product_action_serial_number_key"
  QUERY :  CALL "SE".SPI_INSERT_DATA('[{"strPlantCode":"5","strItemId":2,"strMovementType":"IN","strSerialNo":"MOU0000000005","strAdminId":"POND","strID":""}]','')  
 -------------------------------------------------------------- 
[20-08-2024 11:40:13] ERROR : duplicate key value violates unique constraint "spi_product_action_serial_number_key"
  QUERY :  CALL "SE".SPI_INSERT_DATA('[{"strPlantCode":"5","strItemId":2,"strMovementType":"IN","strSerialNo":"MOU0000000005","strAdminId":"POND","strID":""}]','')  
 -------------------------------------------------------------- 
[20-08-2024 11:42:22] ERROR : duplicate key value violates unique constraint "spi_product_action_serial_number_key"
  QUERY :  CALL "SE".SPI_INSERT_DATA('[{"strPlantCode":"5","strItemId":2,"strMovementType":"IN","strSerialNo":"MOU0000000005","strAdminId":"POND","strID":""}]','')  
 -------------------------------------------------------------- 
[20-08-2024 11:42:26] ERROR : Already Out
  QUERY :  CALL "SE".SPI_INSERT_DATA('[{"strPlantCode":"5","strItemId":2,"strMovementType":"OUT","strSerialNo":"MOU0000000005","strAdminId":"POND","strID":"POND2"}]','')  
 -------------------------------------------------------------- 
[20-08-2024 11:42:56] ERROR : Already Out
  QUERY :  CALL "SE".SPI_INSERT_DATA('[{"strPlantCode":"5","strItemId":2,"strMovementType":"OUT","strSerialNo":"MOU0000000005","strAdminId":"POND","strID":"POND2"}]','')  
 -------------------------------------------------------------- 
[20-08-2024 11:43:43] ERROR : Already Out
  QUERY :  CALL "SE".SPI_INSERT_DATA('[{"strPlantCode":"5","strItemId":2,"strMovementType":"OUT","strSerialNo":"MOU0000000004","strAdminId":"POND","strID":"POND2"}]','')  
 -------------------------------------------------------------- 
[20-08-2024 11:44:47] ERROR : Already Out
  QUERY :  CALL "SE".SPI_INSERT_DATA('[{"strPlantCode":"5","strItemId":2,"strMovementType":"OUT","strSerialNo":"MOU0000000004","strAdminId":"POND","strID":"POND2"}]','')  
 -------------------------------------------------------------- 
[20-08-2024 11:44:56] ERROR : Already Out
  QUERY :  CALL "SE".SPI_INSERT_DATA('[{"strPlantCode":"5","strItemId":2,"strMovementType":"OUT","strSerialNo":"MOU0000000003","strAdminId":"POND","strID":"POND2"}]','')  
 -------------------------------------------------------------- 
[20-08-2024 11:47:36] ERROR : Already Out
  QUERY :  CALL "SE".SPI_INSERT_DATA('[{"strPlantCode":"5","strItemId":2,"strMovementType":"OUT","strSerialNo":"MOU0000000002","strAdminId":"POND","strID":"POND2"}]','')  
 -------------------------------------------------------------- 
[20-08-2024 11:54:24] ERROR : Already Out
  QUERY :  CALL "SE".SPI_INSERT_DATA('[{"strPlantCode":"5","strItemId":2,"strMovementType":"OUT","strSerialNo":"MOU0000000002","strAdminId":"POND","strID":"POND2"}]','')  
 -------------------------------------------------------------- 
[20-08-2024 11:54:31] ERROR : Already Out
  QUERY :  CALL "SE".SPI_INSERT_DATA('[{"strPlantCode":"5","strItemId":2,"strMovementType":"OUT","strSerialNo":"MOU0000000002","strAdminId":"POND","strID":"POND2"}]','')  
 -------------------------------------------------------------- 
[20-08-2024 11:54:44] ERROR : Already Out
  QUERY :  CALL "SE".SPI_INSERT_DATA('[{"strPlantCode":"5","strItemId":2,"strMovementType":"OUT","strSerialNo":"MOU0000000002","strAdminId":"POND","strID":"POND2"}]','')  
 -------------------------------------------------------------- 
[20-08-2024 11:54:55] ERROR : Already Out
  QUERY :  CALL "SE".SPI_INSERT_DATA('[{"strPlantCode":"5","strItemId":2,"strMovementType":"OUT","strSerialNo":"MOU0000000001","strAdminId":"POND","strID":"POND2"}]','')  
 -------------------------------------------------------------- 
[20-08-2024 11:55:11] ERROR : Already Out
  QUERY :  CALL "SE".SPI_INSERT_DATA('[{"strPlantCode":"5","strItemId":2,"strMovementType":"OUT","strSerialNo":"MOU0000000005","strAdminId":"POND","strID":"POND2"}]','')  
 -------------------------------------------------------------- 
[20-08-2024 12:05:37] ERROR : duplicate key value violates unique constraint "spi_product_action_serial_number_key"
  QUERY :  CALL "SE".SPI_INSERT_DATA('[{"strPlantCode":"5","strItemId":2,"strMovementType":"IN","strSerialNo":"MOU0000000006","strAdminId":"POND","strID":""}]','')  
 -------------------------------------------------------------- 
[20-08-2024 12:05:48] ERROR : Already Out
  QUERY :  CALL "SE".SPI_INSERT_DATA('[{"strPlantCode":"5","strItemId":2,"strMovementType":"OUT","strSerialNo":"MOU0000000006","strAdminId":"POND","strID":"POND2"}]','')  
 -------------------------------------------------------------- 
[20-08-2024 12:06:07] ERROR : null value in column "create_date" of relation "spi_product_action" violates not-null constraint
  QUERY :  CALL "SE".SPI_INSERT_DATA('[{"strPlantCode":"5","strItemId":2,"strMovementType":"IN","strSerialNo":"MOU0000000006","strAdminId":"POND","strID":""}]','')  
 -------------------------------------------------------------- 
[20-08-2024 12:06:13] ERROR : null value in column "create_date" of relation "spi_product_action" violates not-null constraint
  QUERY :  CALL "SE".SPI_INSERT_DATA('[{"strPlantCode":"5","strItemId":2,"strMovementType":"IN","strSerialNo":"MOU0000000006","strAdminId":"POND","strID":""}]','')  
 -------------------------------------------------------------- 
[20-08-2024 12:07:45] ERROR : null value in column "create_date" of relation "spi_product_action" violates not-null constraint
  QUERY :  CALL "SE".SPI_INSERT_DATA('[{"strPlantCode":"5","strItemId":2,"strMovementType":"IN","strSerialNo":"MOU0000000006","strAdminId":"POND","strID":""}]','')  
 -------------------------------------------------------------- 
[20-08-2024 12:07:53] ERROR : null value in column "create_date" of relation "spi_product_action" violates not-null constraint
  QUERY :  CALL "SE".SPI_INSERT_DATA('[{"strPlantCode":"5","strItemId":2,"strMovementType":"IN","strSerialNo":"MOU0000000006","strAdminId":"POND","strID":""}]','')  
 -------------------------------------------------------------- 
[20-08-2024 12:15:03] ERROR : Already Out
  QUERY :  CALL "SE".SPI_INSERT_DATA('[{"strPlantCode":"5","strItemId":2,"strMovementType":"OUT","strSerialNo":"MOU0000000007","strAdminId":"POND","strID":"POND2"}]','')  
 -------------------------------------------------------------- 
[20-08-2024 12:15:14] ERROR : duplicate key value violates unique constraint "spi_product_action_serial_number_key"
  QUERY :  CALL "SE".SPI_INSERT_DATA('[{"strPlantCode":"5","strItemId":2,"strMovementType":"IN","strSerialNo":"MOU0000000001","strAdminId":"POND","strID":""}]','')  
 -------------------------------------------------------------- 
[20-08-2024 13:38:46] ERROR : duplicate key value violates unique constraint "spi_product_action_serial_number_key"
  QUERY :  CALL "SE".SPI_INSERT_DATA('[{"strPlantCode":"5","strItemId":2,"strMovementType":"IN","strSerialNo":"MOU0000000003","strAdminId":"POND","strID":""}]','')  
 -------------------------------------------------------------- 
[20-08-2024 13:41:32] ERROR : duplicate key value violates unique constraint "spi_product_action_serial_number_key"
  QUERY :  CALL "SE".SPI_INSERT_DATA('[{"strPlantCode":"5","strItemId":2,"strMovementType":"IN","strSerialNo":"MOU0000000003","strAdminId":"POND","strID":""}]','')  
 -------------------------------------------------------------- 
[20-08-2024 13:50:25] ERROR : duplicate key value violates unique constraint "spi_product_action_serial_number_key"
  QUERY :  CALL "SE".SPI_INSERT_DATA('[{"strPlantCode":"5","strItemId":2,"strMovementType":"IN","strSerialNo":"MOU0000000006","strAdminId":"POND","strID":""}]','')  
 -------------------------------------------------------------- 
[20-08-2024 13:50:26] ERROR : duplicate key value violates unique constraint "spi_product_action_serial_number_key"
  QUERY :  CALL "SE".SPI_INSERT_DATA('[{"strPlantCode":"5","strItemId":2,"strMovementType":"IN","strSerialNo":"MOU0000000006","strAdminId":"POND","strID":""}]','')  
 -------------------------------------------------------------- 
[20-08-2024 13:50:29] ERROR : duplicate key value violates unique constraint "spi_product_action_serial_number_key"
  QUERY :  CALL "SE".SPI_INSERT_DATA('[{"strPlantCode":"5","strItemId":2,"strMovementType":"IN","strSerialNo":"MOU0000000006","strAdminId":"POND","strID":""}]','')  
 -------------------------------------------------------------- 
[20-08-2024 13:51:15] ERROR : duplicate key value violates unique constraint "spi_product_action_serial_number_key"
  QUERY :  CALL "SE".SPI_INSERT_DATA('[{"strPlantCode":"5","strItemId":2,"strMovementType":"IN","strSerialNo":"MOU0000000006","strAdminId":"POND","strID":""}]','')  
 -------------------------------------------------------------- 
[20-08-2024 15:08:16] ERROR : Already Out
  QUERY :  CALL "SE".SPI_INSERT_DATA('[{"strPlantCode":"5","strItemId":2,"strMovementType":"OUT","strSerialNo":"MOU0000000010MOU0000000011","strAdminId":"POND","strID":"POND2"}]','')  
 -------------------------------------------------------------- 
[20-08-2024 15:10:21] ERROR : Already Out
  QUERY :  CALL "SE".SPI_INSERT_DATA('[{"strPlantCode":"5","strItemId":2,"strMovementType":"OUT","strSerialNo":"MOU0000000010","strAdminId":"POND","strID":"POND2"}]','')  
 -------------------------------------------------------------- 
[20-08-2024 15:12:33] ERROR : Already Out
  QUERY :  CALL "SE".SPI_INSERT_DATA('[{"strPlantCode":"5","strItemId":2,"strMovementType":"OUT","strSerialNo":"MOU0000000013","strAdminId":"POND","strID":"POND2"}]','')  
 -------------------------------------------------------------- 
[20-08-2024 15:13:12] ERROR : Already Out
  QUERY :  CALL "SE".SPI_INSERT_DATA('[{"strPlantCode":"5","strItemId":2,"strMovementType":"OUT","strSerialNo":"MOU0000000013","strAdminId":"POND","strID":"POND2"}]','')  
 -------------------------------------------------------------- 
[20-08-2024 15:13:40] ERROR : Already Out
  QUERY :  CALL "SE".SPI_INSERT_DATA('[{"strPlantCode":"5","strItemId":2,"strMovementType":"OUT","strSerialNo":"MOU0000000010","strAdminId":"POND","strID":"POND2"}]','')  
 -------------------------------------------------------------- 
[20-08-2024 15:13:44] ERROR : Already Out
  QUERY :  CALL "SE".SPI_INSERT_DATA('[{"strPlantCode":"5","strItemId":2,"strMovementType":"OUT","strSerialNo":"MOU0000000011","strAdminId":"POND","strID":"POND2"}]','')  
 -------------------------------------------------------------- 
[20-08-2024 15:40:43] ERROR : duplicate key value violates unique constraint "spi_product_action_serial_number_key"
  QUERY :  CALL "SE".SPI_INSERT_DATA('[{"strPlantCode":"5","strItemId":2,"strMovementType":"IN","strSerialNo":"MOU0000000006","strAdminId":"POND","strID":""}]','')  
 -------------------------------------------------------------- 
